Using pre-set license
Built from '2020.3/staging' branch; Version is '2020.3.3f1 (76626098c1c4) revision 7758432'; Using compiler version '192528614'; Build Type 'Release'
OS: 'Windows 10 Home; OS build 19041.928; Version 2004; 64bit' Language: 'fr' Physical Memory: 8043 MB
BatchMode: 1, IsHumanControllingUs: 0, StartBugReporterOnCrash: 0, Is64bit: 1, IsPro: 0

 COMMAND LINE ARGUMENTS:
C:\Program Files\Unity\Hub\Editor\2020.3.3f1\Editor\Unity.exe
-adb2
-batchMode
-noUpm
-name
AssetImportWorker1
-projectPath
D:/Git Repo/Eternity/Eternity
-logFile
Logs/AssetImportWorker1.log
-srvPort
52722
Successfully changed project path to: D:/Git Repo/Eternity/Eternity
D:/Git Repo/Eternity/Eternity
Using Asset Import Pipeline V2.
Refreshing native plugins compatible for Editor in 95.36 ms, found 0 plugins.
Preloading 0 native plugins for Editor in 0.00 ms.
Initialize engine version: 2020.3.3f1 (76626098c1c4)
[Subsystems] Discovering subsystems at path C:/Program Files/Unity/Hub/Editor/2020.3.3f1/Editor/Data/Resources/UnitySubsystems
[Subsystems] Discovering subsystems at path D:/Git Repo/Eternity/Eternity/Assets
GfxDevice: creating device client; threaded=0
Direct3D:
    Version:  Direct3D 11.0 [level 11.1]
    Renderer: NVIDIA GeForce GTX 1050 (ID=0x1c8d)
    Vendor:   
    VRAM:     1979 MB
    Driver:   27.21.14.5763
Initialize mono
Mono path[0] = 'C:/Program Files/Unity/Hub/Editor/2020.3.3f1/Editor/Data/Managed'
Mono path[1] = 'C:/Program Files/Unity/Hub/Editor/2020.3.3f1/Editor/Data/MonoBleedingEdge/lib/mono/unityjit'
Mono config path = 'C:/Program Files/Unity/Hub/Editor/2020.3.3f1/Editor/Data/MonoBleedingEdge/etc'
Using monoOptions --debugger-agent=transport=dt_socket,embedding=1,server=y,suspend=n,address=127.0.0.1:56424
Begin MonoManager ReloadAssembly
Registering precompiled unity dll's ...
Register platform support module: C:/Program Files/Unity/Hub/Editor/2020.3.3f1/Editor/Data/PlaybackEngines/WindowsStandaloneSupport/UnityEditor.WindowsStandalone.Extensions.dll
Registered in 0.003208 seconds.
Native extension for WindowsStandalone target not found
Refreshing native plugins compatible for Editor in 48.40 ms, found 0 plugins.
Preloading 0 native plugins for Editor in 0.00 ms.
Invoked RoslynAnalysisRunner static constructor.
RoslynAnalysisRunner will not be running.
RoslynAnalysisRunner has terminated.
Mono: successfully reloaded assembly
- Completed reload, in  2.279 seconds
Platform modules already initialized, skipping
Registering precompiled user dll's ...
Registered in 0.003404 seconds.
Begin MonoManager ReloadAssembly
Native extension for WindowsStandalone target not found
Refreshing native plugins compatible for Editor in 3.66 ms, found 0 plugins.
Preloading 0 native plugins for Editor in 0.00 ms.
Invoked RoslynAnalysisRunner static constructor.
RoslynAnalysisRunner will not be running.
RoslynAnalysisRunner has terminated.
Find all reader and writers took 254 milliseconds
Script Module: UnityEngine.UI.dll
Weave behaviours and messages took214 milliseconds
Find all reader and writers took 156 milliseconds
Script Module: UnityEngine.TestRunner.dll
Weave behaviours and messages took47 milliseconds
Find all reader and writers took 147 milliseconds
Script Module: SimpleWebTransport.dll
Weave behaviours and messages took16 milliseconds
Find all reader and writers took 134 milliseconds
Script Module: Unity.Timeline.dll
Weave behaviours and messages took50 milliseconds
Find all reader and writers took 154 milliseconds
Script Module: Mirror.Examples.dll
[Projectile] NetworkBehaviourProcessor
[Tank] NetworkBehaviourProcessor
[NetworkRoomPlayer] NetworkBehaviourProcessor
[NetworkRoomPlayerExt] NetworkBehaviourProcessor
[PlayerController] NetworkBehaviourProcessor
[PlayerScore] NetworkBehaviourProcessor
[RandomColor] NetworkBehaviourProcessor
[Reward] NetworkBehaviourProcessor
[AddForce] NetworkBehaviourProcessor
[Ball] NetworkBehaviourProcessor
[Player] NetworkBehaviourProcessor
[MatchController] NetworkBehaviourProcessor
[PhysicsCollision] NetworkBehaviourProcessor
[PlayerController] NetworkBehaviourProcessor
[PlayerScore] NetworkBehaviourProcessor
[RandomColor] NetworkBehaviourProcessor
[Reward] NetworkBehaviourProcessor
[Player] NetworkBehaviourProcessor
[MonsterMovement] NetworkBehaviourProcessor
[PlayerMovement] NetworkBehaviourProcessor
[Player] NetworkBehaviourProcessor
[PlayerController] NetworkBehaviourProcessor
[RandomColor] NetworkBehaviourProcessor
[ShootingTankBehaviour] NetworkBehaviourProcessor
Weave behaviours and messages took47 milliseconds
  ProcessSitesModule Mirror.Examples.dll elapsed time:00:00:00.0049947
Find all reader and writers took 82 milliseconds
Script Module: Mirror.Components.dll
[NetworkAnimator] NetworkBehaviourProcessor
[NetworkRoomPlayer] NetworkBehaviourProcessor
[NetworkLobbyPlayer] NetworkBehaviourProcessor
[NetworkVisibility] NetworkBehaviourProcessor
[NetworkVisibility] Found NetworkBehaviour Mirror.NetworkVisibility
[NetworkVisibility] Process Start
[NetworkVisibility]   GenerateSerialization
[NetworkVisibility]   GenerateDeSerialization
[NetworkVisibility] Process Done
[NetworkMatchChecker] NetworkBehaviourProcessor
[NetworkVisibility] NetworkBehaviourProcessor
[NetworkOwnerChecker] NetworkBehaviourProcessor
[NetworkVisibility] NetworkBehaviourProcessor
[NetworkProximityChecker] NetworkBehaviourProcessor
[NetworkRoomPlayer] NetworkBehaviourProcessor
[NetworkVisibility] NetworkBehaviourProcessor
[NetworkSceneChecker] NetworkBehaviourProcessor
[NetworkTransformBase] NetworkBehaviourProcessor
[NetworkTransform] NetworkBehaviourProcessor
[NetworkTransformBase] NetworkBehaviourProcessor
[NetworkTransformBase] NetworkBehaviourProcessor
[NetworkTransformChild] NetworkBehaviourProcessor
[NetworkLerpRigidbody] NetworkBehaviourProcessor
[NetworkRigidbody] NetworkBehaviourProcessor
[NetworkRigidbody2D] NetworkBehaviourProcessor
[NetworkTransformBase] NetworkBehaviourProcessor
[NetworkTransform] NetworkBehaviourProcessor
[NetworkTransformBase] NetworkBehaviourProcessor
[NetworkTransformBase] NetworkBehaviourProcessor
[NetworkTransformChild] NetworkBehaviourProcessor
Weave behaviours and messages took24 milliseconds
  ProcessSitesModule Mirror.Components.dll elapsed time:00:00:00.0009974
Find all reader and writers took 110 milliseconds
Script Module: Unity.TextMeshPro.dll
Weave behaviours and messages took72 milliseconds
Find all reader and writers took 92 milliseconds
Script Module: Assembly-CSharp.dll
[PlayerSetup] NetworkBehaviourProcessor
Weave behaviours and messages took38 milliseconds
Find all reader and writers took 83 milliseconds
Script Module: Telepathy.dll
Weave behaviours and messages took5 milliseconds
Find all reader and writers took 70 milliseconds
Script Module: Mirror.Authenticators.dll
Weave behaviours and messages took2 milliseconds
  ProcessSitesModule Mirror.Authenticators.dll elapsed time:00:00:00
Find all reader and writers took 57 milliseconds
Script Module: kcp2k.dll
Weave behaviours and messages took5 milliseconds
Find all reader and writers took 60 milliseconds
Script Module: Mirror.Examples.Cloud.GUI.dll
Weave behaviours and messages took3 milliseconds
Find all reader and writers took 58 milliseconds
Script Module: Mirror.Cloud.dll
Weave behaviours and messages took2 milliseconds
Find all reader and writers took 59 milliseconds
Script Module: Mirror.Examples.Cloud.Pong.dll
[Ball] NetworkBehaviourProcessor
[BallManager] NetworkBehaviourProcessor
[Player] NetworkBehaviourProcessor
Weave behaviours and messages took1 milliseconds
  ProcessSitesModule Mirror.Examples.Cloud.Pong.dll elapsed time:00:00:00
Find all reader and writers took 103 milliseconds
Script Module: UnityEditor.TestRunner.dll
Weave behaviours and messages took48 milliseconds
Find all reader and writers took 88 milliseconds
Script Module: UnityEditor.UI.dll
Weave behaviours and messages took10 milliseconds
Find all reader and writers took 66 milliseconds
Script Module: Mirror.CompilerSymbols.dll
Weave behaviours and messages took0 milliseconds
Mono: successfully reloaded assembly
- Completed reload, in  8.612 seconds
Platform modules already initialized, skipping
========================================================================
Worker process is ready to serve import requests
Launched and connected shader compiler UnityShaderCompiler.exe after 0.13 seconds
Refreshing native plugins compatible for Editor in 0.54 ms, found 0 plugins.
Preloading 0 native plugins for Editor in 0.00 ms.
Unloading 1544 Unused Serialized files (Serialized files now loaded: 0)
System memory in use before: 118.1 MB.
System memory in use after: 117.9 MB.

Unloading 15 unused Assets to reduce memory usage. Loaded Objects now: 2000.
Total: 4.802500 ms (FindLiveObjects: 0.368400 ms CreateObjectMapping: 0.134800 ms MarkObjects: 3.814300 ms  DeleteObjects: 0.482500 ms)

========================================================================
Received Import Request.
  path: Assets/Scenes/NewLayer.terrainlayer
  artifactKey: Guid(6467da4c2213e0d4495539411d268480) Importer(815301076,1909f56bfc062723c751e8b465ee728b)
Start importing Assets/Scenes/NewLayer.terrainlayer using Guid(6467da4c2213e0d4495539411d268480) Importer(815301076,1909f56bfc062723c751e8b465ee728b)  -> (artifact id: '9d2068ce0d9b6445c1450cbc1886059f') in 0.249595 seconds
  Import took 0.253127 seconds .

========================================================================
Received Import Request.
  Time since last request: 0.000472 seconds.
  path: Assets/Scenes/NewLayer 1.terrainlayer
  artifactKey: Guid(cfe994c03a49d474eb9c5c0beb0cbafb) Importer(815301076,1909f56bfc062723c751e8b465ee728b)
Start importing Assets/Scenes/NewLayer 1.terrainlayer using Guid(cfe994c03a49d474eb9c5c0beb0cbafb) Importer(815301076,1909f56bfc062723c751e8b465ee728b)  -> (artifact id: '0081b2106eaae93b8c1eea96d8cce2a6') in 0.097761 seconds
  Import took 0.101512 seconds .

========================================================================
Received Import Request.
  Time since last request: 0.000482 seconds.
  path: Assets/Scenes
  artifactKey: Guid(4b1ca9785f091e9499b7cba1e0d200fb) Importer(815301076,1909f56bfc062723c751e8b465ee728b)
Start importing Assets/Scenes using Guid(4b1ca9785f091e9499b7cba1e0d200fb) Importer(815301076,1909f56bfc062723c751e8b465ee728b)  -> (artifact id: 'dceb2a78a48cd6ba960bb6f13556ca78') in 0.002389 seconds
  Import took 0.005859 seconds .

========================================================================
Received Import Request.
  Time since last request: 0.000392 seconds.
  path: Assets/New Terrain 3.asset
  artifactKey: Guid(58251227f430cd248b6e8feea1e7b45b) Importer(815301076,1909f56bfc062723c751e8b465ee728b)
Start importing Assets/New Terrain 3.asset using Guid(58251227f430cd248b6e8feea1e7b45b) Importer(815301076,1909f56bfc062723c751e8b465ee728b) The tree rock1 must use the Nature/Soft Occlusion shader. Otherwise billboarding/lighting will not work correctly.

 -> (artifact id: 'ed17cae44979a46554160a21f97e8062') in 3.097865 seconds
  Import took 3.106759 seconds .

========================================================================
Received Import Request.
  Time since last request: 0.000407 seconds.
  path: Assets/Scenes/Gold.asset
  artifactKey: Guid(ede5a6321cb5b784c936fe8af2534442) Importer(815301076,1909f56bfc062723c751e8b465ee728b)
Start importing Assets/Scenes/Gold.asset using Guid(ede5a6321cb5b784c936fe8af2534442) Importer(815301076,1909f56bfc062723c751e8b465ee728b)  -> (artifact id: '5d47939342a90eed52fa1dc6a36bd907') in 0.007360 seconds
  Import took 0.011428 seconds .

========================================================================
Received Import Request.
  Time since last request: 0.000804 seconds.
  path: Assets/New Terrain 2.asset
  artifactKey: Guid(19007e607b0a145a389d059396e50745) Importer(815301076,1909f56bfc062723c751e8b465ee728b)
Start importing Assets/New Terrain 2.asset using Guid(19007e607b0a145a389d059396e50745) Importer(815301076,1909f56bfc062723c751e8b465ee728b)  -> (artifact id: 'f75c5d26743c9b4f8d43aaa1d2b06d0d') in 0.097927 seconds
  Import took 0.102688 seconds .

========================================================================
Received Import Request.
  Time since last request: 0.000504 seconds.
  path: Assets/New Terrain 1.asset
  artifactKey: Guid(068414d20f9614fb0a5a67bad4096a7f) Importer(815301076,1909f56bfc062723c751e8b465ee728b)
Start importing Assets/New Terrain 1.asset using Guid(068414d20f9614fb0a5a67bad4096a7f) Importer(815301076,1909f56bfc062723c751e8b465ee728b)  -> (artifact id: '346f87b8e2eff593f6e7a5fb4c32e850') in 0.101521 seconds
  Import took 0.105518 seconds .

========================================================================
Received Import Request.
  Time since last request: 0.000251 seconds.
  path: Assets/New Terrain.asset
  artifactKey: Guid(834ef5958161542818a61535c5af6783) Importer(815301076,1909f56bfc062723c751e8b465ee728b)
Start importing Assets/New Terrain.asset using Guid(834ef5958161542818a61535c5af6783) Importer(815301076,1909f56bfc062723c751e8b465ee728b)  -> (artifact id: 'd5d0f9d6daf8a8c40652a120e2b4bc9b') in 0.045438 seconds
  Import took 0.049511 seconds .

========================================================================
Received Import Request.
  Time since last request: 0.000370 seconds.
  path: Assets/Scenes/NewLayer 2.terrainlayer
  artifactKey: Guid(8ca1b1358079dba46af60b5df653a83d) Importer(815301076,1909f56bfc062723c751e8b465ee728b)
Start importing Assets/Scenes/NewLayer 2.terrainlayer using Guid(8ca1b1358079dba46af60b5df653a83d) Importer(815301076,1909f56bfc062723c751e8b465ee728b)  -> (artifact id: 'ea230500d336c999ad1252fa7631b792') in 0.091337 seconds
  Import took 0.097226 seconds .

========================================================================
Received Import Request.
  Time since last request: 0.000361 seconds.
  path: Assets/dreyar_m_aure@Running.fbx
  artifactKey: Guid(082406f371f7745929761abdf061c37c) Importer(815301076,1909f56bfc062723c751e8b465ee728b)
Start importing Assets/dreyar_m_aure@Running.fbx using Guid(082406f371f7745929761abdf061c37c) Importer(815301076,1909f56bfc062723c751e8b465ee728b)  -> (artifact id: 'ae50650abbfcbba20260113f2920ade2') in 0.134461 seconds
  Import took 0.138894 seconds .

========================================================================
Received Import Request.
  Time since last request: 0.000362 seconds.
  path: Assets/dreyar_m_aure@Idle.fbx
  artifactKey: Guid(b3717a29ce19041329f67b81668952b9) Importer(815301076,1909f56bfc062723c751e8b465ee728b)
Start importing Assets/dreyar_m_aure@Idle.fbx using Guid(b3717a29ce19041329f67b81668952b9) Importer(815301076,1909f56bfc062723c751e8b465ee728b)  -> (artifact id: '71a140b6fd53f3c13ec4074cc0165f2c') in 0.059784 seconds
  Import took 0.064105 seconds .

========================================================================
Received Import Request.
  Time since last request: 0.000906 seconds.
  path: Assets/dreyar_m_aure@Brutal To Happy Walking.fbx
  artifactKey: Guid(0c11266a39a224297b7eb2079519d9f4) Importer(815301076,1909f56bfc062723c751e8b465ee728b)
Start importing Assets/dreyar_m_aure@Brutal To Happy Walking.fbx using Guid(0c11266a39a224297b7eb2079519d9f4) Importer(815301076,1909f56bfc062723c751e8b465ee728b)  -> (artifact id: '3b2db35995cb3ac86a21157aee53dd19') in 0.056542 seconds
  Import took 0.062344 seconds .

========================================================================
Received Import Request.
  Time since last request: 53.276418 seconds.
  path: Assets/animations/animator controller.controller
  artifactKey: Guid(36b25c43443d04880a167e3288f00620) Importer(815301076,1909f56bfc062723c751e8b465ee728b)
Start importing Assets/animations/animator controller.controller using Guid(36b25c43443d04880a167e3288f00620) Importer(815301076,1909f56bfc062723c751e8b465ee728b)  -> (artifact id: '4b1daef29a45c61da617fffe47e0dc70') in 0.948252 seconds
  Import took 0.953708 seconds .

========================================================================
Received Import Request.
  Time since last request: 38.419714 seconds.
  path: Assets/Scenes/Menu.unity
  artifactKey: Guid(41872266c2ad0a4478e5c3581614b709) Importer(815301076,1909f56bfc062723c751e8b465ee728b)
Start importing Assets/Scenes/Menu.unity using Guid(41872266c2ad0a4478e5c3581614b709) Importer(815301076,1909f56bfc062723c751e8b465ee728b)  -> (artifact id: '26c6c4aa33131298b7b06abeeceaf0e0') in 0.002453 seconds
  Import took 0.006706 seconds .

========================================================================
Received Prepare
Refreshing native plugins compatible for Editor in 2.08 ms, found 0 plugins.
Preloading 0 native plugins for Editor in 0.00 ms.
Unloading 9 Unused Serialized files (Serialized files now loaded: 0)
System memory in use before: 83.9 MB.
System memory in use after: 83.7 MB.

Unloading 9 unused Assets to reduce memory usage. Loaded Objects now: 2009.
Total: 4.074200 ms (FindLiveObjects: 0.280300 ms CreateObjectMapping: 0.084100 ms MarkObjects: 3.394700 ms  DeleteObjects: 0.312800 ms)

========================================================================
Received Import Request.
  Time since last request: 98.445612 seconds.
  path: Assets/Scripts
  artifactKey: Guid(9a0de69c1d939b844ab4cd5ab5b1d926) Importer(815301076,1909f56bfc062723c751e8b465ee728b)
Start importing Assets/Scripts using Guid(9a0de69c1d939b844ab4cd5ab5b1d926) Importer(815301076,1909f56bfc062723c751e8b465ee728b)  -> (artifact id: 'a00fec0d4a19d708130e34e8492a1186') in 0.002436 seconds
  Import took 0.007466 seconds .

========================================================================
Received Import Request.
  Time since last request: 3.577263 seconds.
  path: Assets/Scripts/MainMenu.cs
  artifactKey: Guid(8896f03a46ea43c47aa5329e4be3ca71) Importer(815301076,1909f56bfc062723c751e8b465ee728b)
Start importing Assets/Scripts/MainMenu.cs using Guid(8896f03a46ea43c47aa5329e4be3ca71) Importer(815301076,1909f56bfc062723c751e8b465ee728b)  -> (artifact id: '58d92894fac43215ed92cc46884a59b7') in 0.013026 seconds
  Import took 0.017000 seconds .

========================================================================
Received Prepare
Registering precompiled user dll's ...
Registered in 0.005029 seconds.
Begin MonoManager ReloadAssembly
Native extension for WindowsStandalone target not found
Refreshing native plugins compatible for Editor in 2.03 ms, found 0 plugins.
Preloading 0 native plugins for Editor in 0.00 ms.
Invoked RoslynAnalysisRunner static constructor.
RoslynAnalysisRunner will not be running.
RoslynAnalysisRunner has terminated.
Mono: successfully reloaded assembly
- Completed reload, in  4.230 seconds
Platform modules already initialized, skipping
Refreshing native plugins compatible for Editor in 1.26 ms, found 0 plugins.
Preloading 0 native plugins for Editor in 0.00 ms.
Unloading 1445 Unused Serialized files (Serialized files now loaded: 0)
System memory in use before: 113.4 MB.
System memory in use after: 113.2 MB.

Unloading 10 unused Assets to reduce memory usage. Loaded Objects now: 2012.
Total: 81.334700 ms (FindLiveObjects: 3.168200 ms CreateObjectMapping: 2.266400 ms MarkObjects: 71.983600 ms  DeleteObjects: 3.913100 ms)

========================================================================
Received Import Request.
  Time since last request: 89.444149 seconds.
  path: Assets/Scripts/MainMenu.cs
  artifactKey: Guid(8896f03a46ea43c47aa5329e4be3ca71) Importer(815301076,1909f56bfc062723c751e8b465ee728b)
Start importing Assets/Scripts/MainMenu.cs using Guid(8896f03a46ea43c47aa5329e4be3ca71) Importer(815301076,1909f56bfc062723c751e8b465ee728b)  -> (artifact id: '010b1091349d66869534120dc637f3b5') in 0.020836 seconds
  Import took 0.032202 seconds .

========================================================================
Received Prepare
Registering precompiled user dll's ...
Registered in 0.002460 seconds.
Begin MonoManager ReloadAssembly
Native extension for WindowsStandalone target not found
Refreshing native plugins compatible for Editor in 0.83 ms, found 0 plugins.
Preloading 0 native plugins for Editor in 0.00 ms.
Invoked RoslynAnalysisRunner static constructor.
RoslynAnalysisRunner will not be running.
RoslynAnalysisRunner has terminated.
Mono: successfully reloaded assembly
- Completed reload, in  1.150 seconds
Platform modules already initialized, skipping
Refreshing native plugins compatible for Editor in 0.38 ms, found 0 plugins.
Preloading 0 native plugins for Editor in 0.00 ms.
Unloading 1445 Unused Serialized files (Serialized files now loaded: 0)
System memory in use before: 113.4 MB.
System memory in use after: 113.2 MB.

Unloading 10 unused Assets to reduce memory usage. Loaded Objects now: 2015.
Total: 3.323100 ms (FindLiveObjects: 0.391700 ms CreateObjectMapping: 0.130600 ms MarkObjects: 2.303800 ms  DeleteObjects: 0.495200 ms)

========================================================================
Received Prepare
Refreshing native plugins compatible for Editor in 2.25 ms, found 0 plugins.
Preloading 0 native plugins for Editor in 0.00 ms.
Unloading 9 Unused Serialized files (Serialized files now loaded: 0)
System memory in use before: 84.1 MB.
System memory in use after: 83.9 MB.

Unloading 8 unused Assets to reduce memory usage. Loaded Objects now: 2015.
Total: 3.955300 ms (FindLiveObjects: 0.324800 ms CreateObjectMapping: 0.087000 ms MarkObjects: 2.839700 ms  DeleteObjects: 0.701600 ms)

========================================================================
Received Prepare
Refreshing native plugins compatible for Editor in 2.27 ms, found 0 plugins.
Preloading 0 native plugins for Editor in 0.00 ms.
Unloading 9 Unused Serialized files (Serialized files now loaded: 0)
System memory in use before: 84.1 MB.
System memory in use after: 83.9 MB.

Unloading 8 unused Assets to reduce memory usage. Loaded Objects now: 2015.
Total: 2.050100 ms (FindLiveObjects: 0.275300 ms CreateObjectMapping: 0.076100 ms MarkObjects: 1.411100 ms  DeleteObjects: 0.286700 ms)

========================================================================
Received Import Request.
  Time since last request: 243.028931 seconds.
  path: Assets/Scripts/Pausemenu.cs
  artifactKey: Guid(38b7cf10eda19594e9a15ed078407cb7) Importer(815301076,1909f56bfc062723c751e8b465ee728b)
Start importing Assets/Scripts/Pausemenu.cs using Guid(38b7cf10eda19594e9a15ed078407cb7) Importer(815301076,1909f56bfc062723c751e8b465ee728b)  -> (artifact id: 'd1055cb5e1113e160d223925b1dbb7d6') in 0.006656 seconds
  Import took 0.010309 seconds .

========================================================================
Received Import Request.
  Time since last request: 0.024660 seconds.
  path: Assets/Scripts/Pausemenu.cs
  artifactKey: Guid(38b7cf10eda19594e9a15ed078407cb7) Importer(815301076,1909f56bfc062723c751e8b465ee728b)
Start importing Assets/Scripts/Pausemenu.cs using Guid(38b7cf10eda19594e9a15ed078407cb7) Importer(815301076,1909f56bfc062723c751e8b465ee728b)  -> (artifact id: 'd1055cb5e1113e160d223925b1dbb7d6') in 0.002097 seconds
  Import took 0.005765 seconds .

========================================================================
Received Prepare
Refreshing native plugins compatible for Editor in 2.33 ms, found 0 plugins.
Preloading 0 native plugins for Editor in 0.00 ms.
Unloading 9 Unused Serialized files (Serialized files now loaded: 0)
System memory in use before: 84.2 MB.
System memory in use after: 84.0 MB.

Unloading 8 unused Assets to reduce memory usage. Loaded Objects now: 2015.
Total: 5.077900 ms (FindLiveObjects: 0.678800 ms CreateObjectMapping: 0.104300 ms MarkObjects: 3.735600 ms  DeleteObjects: 0.555800 ms)

========================================================================
Received Prepare
Refreshing native plugins compatible for Editor in 2.08 ms, found 0 plugins.
Preloading 0 native plugins for Editor in 0.00 ms.
Unloading 9 Unused Serialized files (Serialized files now loaded: 0)
System memory in use before: 84.2 MB.
System memory in use after: 84.0 MB.

Unloading 8 unused Assets to reduce memory usage. Loaded Objects now: 2015.
Total: 3.098400 ms (FindLiveObjects: 0.744000 ms CreateObjectMapping: 0.141800 ms MarkObjects: 1.857000 ms  DeleteObjects: 0.353800 ms)

========================================================================
Received Prepare
Refreshing native plugins compatible for Editor in 2.99 ms, found 0 plugins.
Preloading 0 native plugins for Editor in 0.00 ms.
Unloading 9 Unused Serialized files (Serialized files now loaded: 0)
System memory in use before: 84.2 MB.
System memory in use after: 84.0 MB.

Unloading 8 unused Assets to reduce memory usage. Loaded Objects now: 2015.
Total: 6.326700 ms (FindLiveObjects: 0.682400 ms CreateObjectMapping: 0.584300 ms MarkObjects: 4.522100 ms  DeleteObjects: 0.534900 ms)

========================================================================
Received Prepare
Registering precompiled user dll's ...
Registered in 0.003727 seconds.
Begin MonoManager ReloadAssembly
Native extension for WindowsStandalone target not found
Refreshing native plugins compatible for Editor in 0.37 ms, found 0 plugins.
Preloading 0 native plugins for Editor in 0.00 ms.
Invoked RoslynAnalysisRunner static constructor.
RoslynAnalysisRunner will not be running.
RoslynAnalysisRunner has terminated.
Mono: successfully reloaded assembly
- Completed reload, in  0.884 seconds
Platform modules already initialized, skipping
Refreshing native plugins compatible for Editor in 0.84 ms, found 0 plugins.
Preloading 0 native plugins for Editor in 0.00 ms.
Unloading 1445 Unused Serialized files (Serialized files now loaded: 0)
System memory in use before: 113.5 MB.
System memory in use after: 113.3 MB.

Unloading 10 unused Assets to reduce memory usage. Loaded Objects now: 2018.
Total: 2.705500 ms (FindLiveObjects: 0.222700 ms CreateObjectMapping: 0.161500 ms MarkObjects: 1.975600 ms  DeleteObjects: 0.344500 ms)

========================================================================
Received Import Request.
  Time since last request: 363.391809 seconds.
  path: Assets/Scripts/MainMenu.cs
  artifactKey: Guid(8896f03a46ea43c47aa5329e4be3ca71) Importer(815301076,1909f56bfc062723c751e8b465ee728b)
Start importing Assets/Scripts/MainMenu.cs using Guid(8896f03a46ea43c47aa5329e4be3ca71) Importer(815301076,1909f56bfc062723c751e8b465ee728b)  -> (artifact id: 'cdc722f813c07f73ed554d738e128a3d') in 0.005971 seconds
  Import took 0.010272 seconds .

========================================================================
Received Prepare
Registering precompiled user dll's ...
Registered in 0.002054 seconds.
Begin MonoManager ReloadAssembly
Native extension for WindowsStandalone target not found
Refreshing native plugins compatible for Editor in 0.42 ms, found 0 plugins.
Preloading 0 native plugins for Editor in 0.00 ms.
Invoked RoslynAnalysisRunner static constructor.
RoslynAnalysisRunner will not be running.
RoslynAnalysisRunner has terminated.
Mono: successfully reloaded assembly
- Completed reload, in  0.928 seconds
Platform modules already initialized, skipping
Refreshing native plugins compatible for Editor in 0.68 ms, found 0 plugins.
Preloading 0 native plugins for Editor in 0.00 ms.
Unloading 1445 Unused Serialized files (Serialized files now loaded: 0)
System memory in use before: 113.6 MB.
System memory in use after: 113.4 MB.

Unloading 10 unused Assets to reduce memory usage. Loaded Objects now: 2021.
Total: 5.897000 ms (FindLiveObjects: 0.518400 ms CreateObjectMapping: 0.188400 ms MarkObjects: 4.213400 ms  DeleteObjects: 0.973400 ms)

========================================================================
Received Import Request.
  Time since last request: 34.416198 seconds.
  path: Assets/Scripts/Pausemenu.cs
  artifactKey: Guid(38b7cf10eda19594e9a15ed078407cb7) Importer(815301076,1909f56bfc062723c751e8b465ee728b)
Start importing Assets/Scripts/Pausemenu.cs using Guid(38b7cf10eda19594e9a15ed078407cb7) Importer(815301076,1909f56bfc062723c751e8b465ee728b)  -> (artifact id: '421ad69eb27990bf7eaae25d4d19a05c') in 0.009770 seconds
  Import took 0.016533 seconds .

========================================================================
Received Prepare
Refreshing native plugins compatible for Editor in 513.53 ms, found 0 plugins.
Preloading 0 native plugins for Editor in 0.00 ms.
Unloading 9 Unused Serialized files (Serialized files now loaded: 0)
System memory in use before: 84.2 MB.
System memory in use after: 84.0 MB.

Unloading 8 unused Assets to reduce memory usage. Loaded Objects now: 2021.
Total: 4.810500 ms (FindLiveObjects: 1.058400 ms CreateObjectMapping: 0.233700 ms MarkObjects: 3.052000 ms  DeleteObjects: 0.463200 ms)

========================================================================
Received Prepare
Refreshing native plugins compatible for Editor in 1.95 ms, found 0 plugins.
Preloading 0 native plugins for Editor in 0.00 ms.
Unloading 9 Unused Serialized files (Serialized files now loaded: 0)
System memory in use before: 84.2 MB.
System memory in use after: 84.0 MB.

Unloading 8 unused Assets to reduce memory usage. Loaded Objects now: 2021.
Total: 3.177000 ms (FindLiveObjects: 0.359000 ms CreateObjectMapping: 0.100500 ms MarkObjects: 2.375900 ms  DeleteObjects: 0.339200 ms)

========================================================================
Received Import Request.
  Time since last request: 258.544944 seconds.
  path: Assets/Scenes/terrain 2.unity
  artifactKey: Guid(79795542d9618dc43a77e0f8841178a6) Importer(815301076,1909f56bfc062723c751e8b465ee728b)
Start importing Assets/Scenes/terrain 2.unity using Guid(79795542d9618dc43a77e0f8841178a6) Importer(815301076,1909f56bfc062723c751e8b465ee728b)  -> (artifact id: 'f24f35d7462885b77d8e0391912fd8ee') in 0.014153 seconds
  Import took 0.073332 seconds .

========================================================================
Received Prepare
Registering precompiled user dll's ...
Registered in 0.002081 seconds.
Begin MonoManager ReloadAssembly
Native extension for WindowsStandalone target not found
Refreshing native plugins compatible for Editor in 0.73 ms, found 0 plugins.
Preloading 0 native plugins for Editor in 0.00 ms.
Invoked RoslynAnalysisRunner static constructor.
RoslynAnalysisRunner will not be running.
RoslynAnalysisRunner has terminated.
Mono: successfully reloaded assembly
- Completed reload, in  1.117 seconds
Platform modules already initialized, skipping
Refreshing native plugins compatible for Editor in 0.40 ms, found 0 plugins.
Preloading 0 native plugins for Editor in 0.00 ms.
Unloading 1445 Unused Serialized files (Serialized files now loaded: 0)
System memory in use before: 113.6 MB.
System memory in use after: 113.4 MB.

Unloading 10 unused Assets to reduce memory usage. Loaded Objects now: 2024.
Total: 2.441600 ms (FindLiveObjects: 0.201200 ms CreateObjectMapping: 0.056600 ms MarkObjects: 1.846500 ms  DeleteObjects: 0.335500 ms)

========================================================================
Received Prepare
Registering precompiled user dll's ...
Registered in 0.005652 seconds.
Begin MonoManager ReloadAssembly
Native extension for WindowsStandalone target not found
Refreshing native plugins compatible for Editor in 0.45 ms, found 0 plugins.
Preloading 0 native plugins for Editor in 0.00 ms.
Invoked RoslynAnalysisRunner static constructor.
RoslynAnalysisRunner will not be running.
RoslynAnalysisRunner has terminated.
Mono: successfully reloaded assembly
- Completed reload, in  1.347 seconds
Platform modules already initialized, skipping
Refreshing native plugins compatible for Editor in 0.43 ms, found 0 plugins.
Preloading 0 native plugins for Editor in 0.00 ms.
Unloading 1445 Unused Serialized files (Serialized files now loaded: 0)
System memory in use before: 113.6 MB.
System memory in use after: 113.4 MB.

Unloading 10 unused Assets to reduce memory usage. Loaded Objects now: 2027.
Total: 5.217500 ms (FindLiveObjects: 0.766100 ms CreateObjectMapping: 0.128300 ms MarkObjects: 3.208300 ms  DeleteObjects: 1.110900 ms)

========================================================================
Received Prepare
Registering precompiled user dll's ...
Registered in 0.003751 seconds.
Begin MonoManager ReloadAssembly
Native extension for WindowsStandalone target not found
Refreshing native plugins compatible for Editor in 0.56 ms, found 0 plugins.
Preloading 0 native plugins for Editor in 0.00 ms.
Invoked RoslynAnalysisRunner static constructor.
RoslynAnalysisRunner will not be running.
RoslynAnalysisRunner has terminated.
Mono: successfully reloaded assembly
- Completed reload, in  1.102 seconds
Platform modules already initialized, skipping
Refreshing native plugins compatible for Editor in 1.77 ms, found 0 plugins.
Preloading 0 native plugins for Editor in 0.00 ms.
Unloading 1445 Unused Serialized files (Serialized files now loaded: 0)
System memory in use before: 113.6 MB.
System memory in use after: 113.4 MB.

Unloading 10 unused Assets to reduce memory usage. Loaded Objects now: 2030.
Total: 4.440300 ms (FindLiveObjects: 0.932300 ms CreateObjectMapping: 0.157100 ms MarkObjects: 2.955700 ms  DeleteObjects: 0.393000 ms)

========================================================================
Received Prepare
Refreshing native plugins compatible for Editor in 2.98 ms, found 0 plugins.
Preloading 0 native plugins for Editor in 0.00 ms.
Unloading 9 Unused Serialized files (Serialized files now loaded: 0)
System memory in use before: 84.3 MB.
System memory in use after: 84.0 MB.

Unloading 8 unused Assets to reduce memory usage. Loaded Objects now: 2030.
Total: 5.440300 ms (FindLiveObjects: 0.670200 ms CreateObjectMapping: 0.094700 ms MarkObjects: 3.740900 ms  DeleteObjects: 0.930500 ms)

========================================================================
Received Import Request.
  Time since last request: 275.209604 seconds.
  path: Assets/Scenes/terrain 2.unity
  artifactKey: Guid(79795542d9618dc43a77e0f8841178a6) Importer(815301076,1909f56bfc062723c751e8b465ee728b)
Start importing Assets/Scenes/terrain 2.unity using Guid(79795542d9618dc43a77e0f8841178a6) Importer(815301076,1909f56bfc062723c751e8b465ee728b)  -> (artifact id: 'cc656d350e40571e3b0d55d47121b411') in 0.373077 seconds
  Import took 0.497147 seconds .

========================================================================
Received Import Request.
  Time since last request: 19.728285 seconds.
  path: Assets/Prefabs
  artifactKey: Guid(6a3f90d30300ae34da9654e1010a472e) Importer(815301076,1909f56bfc062723c751e8b465ee728b)
Start importing Assets/Prefabs using Guid(6a3f90d30300ae34da9654e1010a472e) Importer(815301076,1909f56bfc062723c751e8b465ee728b)  -> (artifact id: '067e9a76c16c4e253853fc9017d0c9f4') in 0.006544 seconds
  Import took 0.081285 seconds .

========================================================================
Received Import Request.
  Time since last request: 0.000469 seconds.
  path: Assets/Prefabs/Player.prefab
  artifactKey: Guid(ef6c439cc0d2bee499a067ba00939ce7) Importer(815301076,1909f56bfc062723c751e8b465ee728b)
Start importing Assets/Prefabs/Player.prefab using Guid(ef6c439cc0d2bee499a067ba00939ce7) Importer(815301076,1909f56bfc062723c751e8b465ee728b)  -> (artifact id: 'fcd89e95aeabaf2facb6f03b808271be') in 1.968411 seconds
  Import took 2.016180 seconds .

========================================================================
Received Import Request.
  Time since last request: 0.000414 seconds.
  path: Assets/Prefabs/Joueur_prototype.prefab
  artifactKey: Guid(cf6b5758190c3f84eb090645bc120c98) Importer(815301076,1909f56bfc062723c751e8b465ee728b)
Start importing Assets/Prefabs/Joueur_prototype.prefab using Guid(cf6b5758190c3f84eb090645bc120c98) Importer(815301076,1909f56bfc062723c751e8b465ee728b)  -> (artifact id: '06542f7362e83edea6daed610402d817') in 0.189059 seconds
  Import took 0.194019 seconds .

========================================================================
Received Import Request.
  Time since last request: 0.000503 seconds.
  path: Assets/Prefabs/Idle.fbx
  artifactKey: Guid(dc1470edb201548fb83e4e68e6870e9c) Importer(815301076,1909f56bfc062723c751e8b465ee728b)
Start importing Assets/Prefabs/Idle.fbx using Guid(dc1470edb201548fb83e4e68e6870e9c) Importer(815301076,1909f56bfc062723c751e8b465ee728b)  -> (artifact id: '9842ac80ffb7eb572a096b6fcdd9f405') in 0.163311 seconds
  Import took 0.179388 seconds .

========================================================================
Received Prepare
Registering precompiled user dll's ...
Registered in 0.003172 seconds.
Begin MonoManager ReloadAssembly
Native extension for WindowsStandalone target not found
Refreshing native plugins compatible for Editor in 0.83 ms, found 0 plugins.
Preloading 0 native plugins for Editor in 0.00 ms.
Invoked RoslynAnalysisRunner static constructor.
RoslynAnalysisRunner will not be running.
RoslynAnalysisRunner has terminated.
Mono: successfully reloaded assembly
- Completed reload, in  1.064 seconds
Platform modules already initialized, skipping
Refreshing native plugins compatible for Editor in 0.48 ms, found 0 plugins.
Preloading 0 native plugins for Editor in 0.00 ms.
Unloading 1445 Unused Serialized files (Serialized files now loaded: 0)
System memory in use before: 114.1 MB.
System memory in use after: 113.9 MB.

Unloading 11 unused Assets to reduce memory usage. Loaded Objects now: 2076.
Total: 3.045400 ms (FindLiveObjects: 0.306200 ms CreateObjectMapping: 0.077100 ms MarkObjects: 2.199600 ms  DeleteObjects: 0.460400 ms)

AssetImportWorkerClient::OnTransportError - code=2 error=End of file
