Using pre-set license
Built from '2020.3/staging' branch; Version is '2020.3.3f1 (76626098c1c4) revision 7758432'; Using compiler version '192528614'; Build Type 'Release'
OS: 'Windows 10 Home; OS build 19042.928; Version 2009; 64bit' Language: 'fr' Physical Memory: 16322 MB
BatchMode: 1, IsHumanControllingUs: 0, StartBugReporterOnCrash: 0, Is64bit: 1, IsPro: 0

 COMMAND LINE ARGUMENTS:
C:\Program Files\Unity\Hub\Editor\2020.3.3f1\Editor\Unity.exe
-adb2
-batchMode
-noUpm
-name
AssetImportWorker0
-projectPath
D:/projet/Eternity/Eternity
-logFile
Logs/AssetImportWorker0.log
-srvPort
50124
Successfully changed project path to: D:/projet/Eternity/Eternity
D:/projet/Eternity/Eternity
Using Asset Import Pipeline V2.
Refreshing native plugins compatible for Editor in 27.92 ms, found 0 plugins.
Preloading 0 native plugins for Editor in 0.00 ms.
Initialize engine version: 2020.3.3f1 (76626098c1c4)
[Subsystems] Discovering subsystems at path C:/Program Files/Unity/Hub/Editor/2020.3.3f1/Editor/Data/Resources/UnitySubsystems
[Subsystems] Discovering subsystems at path D:/projet/Eternity/Eternity/Assets
GfxDevice: creating device client; threaded=0
Direct3D:
    Version:  Direct3D 11.0 [level 11.1]
    Renderer: NVIDIA GeForce GTX 1660 SUPER (ID=0x21c4)
    Vendor:   
    VRAM:     5991 MB
    Driver:   27.21.14.5751
Initialize mono
Mono path[0] = 'C:/Program Files/Unity/Hub/Editor/2020.3.3f1/Editor/Data/Managed'
Mono path[1] = 'C:/Program Files/Unity/Hub/Editor/2020.3.3f1/Editor/Data/MonoBleedingEdge/lib/mono/unityjit'
Mono config path = 'C:/Program Files/Unity/Hub/Editor/2020.3.3f1/Editor/Data/MonoBleedingEdge/etc'
Using monoOptions --debugger-agent=transport=dt_socket,embedding=1,server=y,suspend=n,address=127.0.0.1:56568
Begin MonoManager ReloadAssembly
Registering precompiled unity dll's ...
Register platform support module: C:/Program Files/Unity/Hub/Editor/2020.3.3f1/Editor/Data/PlaybackEngines/WindowsStandaloneSupport/UnityEditor.WindowsStandalone.Extensions.dll
Registered in 0.001302 seconds.
Native extension for WindowsStandalone target not found
Refreshing native plugins compatible for Editor in 28.72 ms, found 0 plugins.
Preloading 0 native plugins for Editor in 0.00 ms.
Invoked RoslynAnalysisRunner static constructor.
RoslynAnalysisRunner will not be running.
RoslynAnalysisRunner has terminated.
Mono: successfully reloaded assembly
- Completed reload, in  0.841 seconds
Platform modules already initialized, skipping
Registering precompiled user dll's ...
Registered in 0.001071 seconds.
Begin MonoManager ReloadAssembly
Native extension for WindowsStandalone target not found
Refreshing native plugins compatible for Editor in 0.31 ms, found 0 plugins.
Preloading 0 native plugins for Editor in 0.00 ms.
Invoked RoslynAnalysisRunner static constructor.
RoslynAnalysisRunner will not be running.
RoslynAnalysisRunner has terminated.
Find all reader and writers took 97 milliseconds
Script Module: UnityEngine.UI.dll
Weave behaviours and messages took90 milliseconds
Find all reader and writers took 79 milliseconds
Script Module: UnityEngine.TestRunner.dll
Weave behaviours and messages took30 milliseconds
Find all reader and writers took 76 milliseconds
Script Module: SimpleWebTransport.dll
Weave behaviours and messages took8 milliseconds
Find all reader and writers took 78 milliseconds
Script Module: Unity.Timeline.dll
Weave behaviours and messages took35 milliseconds
Find all reader and writers took 81 milliseconds
Script Module: Mirror.Examples.dll
[Projectile] NetworkBehaviourProcessor
[Tank] NetworkBehaviourProcessor
[NetworkRoomPlayer] NetworkBehaviourProcessor
[NetworkRoomPlayerExt] NetworkBehaviourProcessor
[PlayerController] NetworkBehaviourProcessor
[PlayerScore] NetworkBehaviourProcessor
[RandomColor] NetworkBehaviourProcessor
[Reward] NetworkBehaviourProcessor
[AddForce] NetworkBehaviourProcessor
[Ball] NetworkBehaviourProcessor
[Player] NetworkBehaviourProcessor
[MatchController] NetworkBehaviourProcessor
[PhysicsCollision] NetworkBehaviourProcessor
[PlayerController] NetworkBehaviourProcessor
[PlayerScore] NetworkBehaviourProcessor
[RandomColor] NetworkBehaviourProcessor
[Reward] NetworkBehaviourProcessor
[Player] NetworkBehaviourProcessor
[MonsterMovement] NetworkBehaviourProcessor
[PlayerMovement] NetworkBehaviourProcessor
[Player] NetworkBehaviourProcessor
[PlayerController] NetworkBehaviourProcessor
[RandomColor] NetworkBehaviourProcessor
[ShootingTankBehaviour] NetworkBehaviourProcessor
Weave behaviours and messages took22 milliseconds
  ProcessSitesModule Mirror.Examples.dll elapsed time:00:00:00.0019951
Find all reader and writers took 77 milliseconds
Script Module: Mirror.Components.dll
[NetworkAnimator] NetworkBehaviourProcessor
[NetworkRoomPlayer] NetworkBehaviourProcessor
[NetworkLobbyPlayer] NetworkBehaviourProcessor
[NetworkVisibility] NetworkBehaviourProcessor
[NetworkVisibility] Found NetworkBehaviour Mirror.NetworkVisibility
[NetworkVisibility] Process Start
[NetworkVisibility]   GenerateSerialization
[NetworkVisibility]   GenerateDeSerialization
[NetworkVisibility] Process Done
[NetworkMatchChecker] NetworkBehaviourProcessor
[NetworkVisibility] NetworkBehaviourProcessor
[NetworkOwnerChecker] NetworkBehaviourProcessor
[NetworkVisibility] NetworkBehaviourProcessor
[NetworkProximityChecker] NetworkBehaviourProcessor
[NetworkRoomPlayer] NetworkBehaviourProcessor
[NetworkVisibility] NetworkBehaviourProcessor
[NetworkSceneChecker] NetworkBehaviourProcessor
[NetworkTransformBase] NetworkBehaviourProcessor
[NetworkTransform] NetworkBehaviourProcessor
[NetworkTransformBase] NetworkBehaviourProcessor
[NetworkTransformBase] NetworkBehaviourProcessor
[NetworkTransformChild] NetworkBehaviourProcessor
[NetworkLerpRigidbody] NetworkBehaviourProcessor
[NetworkRigidbody] NetworkBehaviourProcessor
[NetworkRigidbody2D] NetworkBehaviourProcessor
[NetworkTransformBase] NetworkBehaviourProcessor
[NetworkTransform] NetworkBehaviourProcessor
[NetworkTransformBase] NetworkBehaviourProcessor
[NetworkTransformBase] NetworkBehaviourProcessor
[NetworkTransformChild] NetworkBehaviourProcessor
Weave behaviours and messages took24 milliseconds
  ProcessSitesModule Mirror.Components.dll elapsed time:00:00:00.0019945
Find all reader and writers took 89 milliseconds
Script Module: Unity.TextMeshPro.dll
Weave behaviours and messages took89 milliseconds
Find all reader and writers took 79 milliseconds
Script Module: Assembly-CSharp.dll
[PlayerSetup] NetworkBehaviourProcessor
Weave behaviours and messages took39 milliseconds
Find all reader and writers took 73 milliseconds
Script Module: Telepathy.dll
Weave behaviours and messages took3 milliseconds
Find all reader and writers took 74 milliseconds
Script Module: Mirror.Authenticators.dll
Weave behaviours and messages took2 milliseconds
  ProcessSitesModule Mirror.Authenticators.dll elapsed time:00:00:00.0009981
Find all reader and writers took 74 milliseconds
Script Module: kcp2k.dll
Weave behaviours and messages took5 milliseconds
Find all reader and writers took 75 milliseconds
Script Module: Mirror.Examples.Cloud.GUI.dll
Weave behaviours and messages took3 milliseconds
Find all reader and writers took 72 milliseconds
Script Module: Mirror.Cloud.dll
Weave behaviours and messages took4 milliseconds
Find all reader and writers took 80 milliseconds
Script Module: Mirror.Examples.Cloud.Pong.dll
[Ball] NetworkBehaviourProcessor
[BallManager] NetworkBehaviourProcessor
[Player] NetworkBehaviourProcessor
Weave behaviours and messages took2 milliseconds
  ProcessSitesModule Mirror.Examples.Cloud.Pong.dll elapsed time:00:00:00.0009972
Find all reader and writers took 122 milliseconds
Script Module: UnityEditor.TestRunner.dll
Weave behaviours and messages took45 milliseconds
Find all reader and writers took 108 milliseconds
Script Module: UnityEditor.UI.dll
Weave behaviours and messages took13 milliseconds
Find all reader and writers took 87 milliseconds
Script Module: Mirror.CompilerSymbols.dll
Weave behaviours and messages took0 milliseconds
Mono: successfully reloaded assembly
- Completed reload, in  5.038 seconds
Platform modules already initialized, skipping
========================================================================
Worker process is ready to serve import requests
Launched and connected shader compiler UnityShaderCompiler.exe after 0.02 seconds
Refreshing native plugins compatible for Editor in 0.31 ms, found 0 plugins.
Preloading 0 native plugins for Editor in 0.00 ms.
Unloading 1544 Unused Serialized files (Serialized files now loaded: 0)
System memory in use before: 119.1 MB.
System memory in use after: 118.8 MB.

Unloading 15 unused Assets to reduce memory usage. Loaded Objects now: 2004.
Total: 2.327800 ms (FindLiveObjects: 0.147000 ms CreateObjectMapping: 0.045100 ms MarkObjects: 1.904700 ms  DeleteObjects: 0.230400 ms)

========================================================================
Received Import Request.
  path: Assets/Scenes/Gold.asset
  artifactKey: Guid(ede5a6321cb5b784c936fe8af2534442) Importer(815301076,1909f56bfc062723c751e8b465ee728b)
Start importing Assets/Scenes/Gold.asset using Guid(ede5a6321cb5b784c936fe8af2534442) Importer(815301076,1909f56bfc062723c751e8b465ee728b)  -> (artifact id: '67b1e303177f9ad78973e8d590e76cde') in 0.023259 seconds
  Import took 0.025129 seconds .

========================================================================
Received Import Request.
  Time since last request: 0.000239 seconds.
  path: Assets/Scenes/Menu.unity
  artifactKey: Guid(41872266c2ad0a4478e5c3581614b709) Importer(815301076,1909f56bfc062723c751e8b465ee728b)
Start importing Assets/Scenes/Menu.unity using Guid(41872266c2ad0a4478e5c3581614b709) Importer(815301076,1909f56bfc062723c751e8b465ee728b)  -> (artifact id: 'c75f1e7094281847d52facbb368ba199') in 0.004087 seconds
  Import took 0.006028 seconds .

========================================================================
Received Import Request.
  Time since last request: 812.942378 seconds.
  path: Assets/Scripts/MainMenu.cs
  artifactKey: Guid(8896f03a46ea43c47aa5329e4be3ca71) Importer(815301076,1909f56bfc062723c751e8b465ee728b)
Start importing Assets/Scripts/MainMenu.cs using Guid(8896f03a46ea43c47aa5329e4be3ca71) Importer(815301076,1909f56bfc062723c751e8b465ee728b)  -> (artifact id: 'df741653f29d2e3a950e7f6163fae896') in 0.011502 seconds
  Import took 0.013850 seconds .

========================================================================
Received Import Request.
  Time since last request: 41.844371 seconds.
  path: Assets/Scripts/MainMenu.cs
  artifactKey: Guid(8896f03a46ea43c47aa5329e4be3ca71) Importer(815301076,1909f56bfc062723c751e8b465ee728b)
Start importing Assets/Scripts/MainMenu.cs using Guid(8896f03a46ea43c47aa5329e4be3ca71) Importer(815301076,1909f56bfc062723c751e8b465ee728b)  -> (artifact id: '8f1c458225991bedba73c54550666d91') in 0.003953 seconds
  Import took 0.006140 seconds .

========================================================================
Received Import Request.
  Time since last request: 0.001961 seconds.
  path: Assets/Scripts/MainMenu.cs
  artifactKey: Guid(8896f03a46ea43c47aa5329e4be3ca71) Importer(815301076,1909f56bfc062723c751e8b465ee728b)
Start importing Assets/Scripts/MainMenu.cs using Guid(8896f03a46ea43c47aa5329e4be3ca71) Importer(815301076,1909f56bfc062723c751e8b465ee728b)  -> (artifact id: '8f1c458225991bedba73c54550666d91') in 0.001131 seconds
  Import took 0.003201 seconds .

========================================================================
Received Prepare
Registering precompiled user dll's ...
Registered in 0.000981 seconds.
Begin MonoManager ReloadAssembly
Native extension for WindowsStandalone target not found
Refreshing native plugins compatible for Editor in 0.31 ms, found 0 plugins.
Preloading 0 native plugins for Editor in 0.00 ms.
Invoked RoslynAnalysisRunner static constructor.
RoslynAnalysisRunner will not be running.
RoslynAnalysisRunner has terminated.
Mono: successfully reloaded assembly
- Completed reload, in  0.647 seconds
Platform modules already initialized, skipping
Refreshing native plugins compatible for Editor in 0.31 ms, found 0 plugins.
Preloading 0 native plugins for Editor in 0.00 ms.
Unloading 1445 Unused Serialized files (Serialized files now loaded: 0)
System memory in use before: 110.7 MB.
System memory in use after: 110.4 MB.

Unloading 10 unused Assets to reduce memory usage. Loaded Objects now: 2007.
Total: 1.729400 ms (FindLiveObjects: 0.141100 ms CreateObjectMapping: 0.046700 ms MarkObjects: 1.261900 ms  DeleteObjects: 0.279000 ms)

========================================================================
Received Import Request.
  Time since last request: 367.849669 seconds.
  path: Assets/Scenes/terrain 2.unity
  artifactKey: Guid(79795542d9618dc43a77e0f8841178a6) Importer(815301076,1909f56bfc062723c751e8b465ee728b)
Start importing Assets/Scenes/terrain 2.unity using Guid(79795542d9618dc43a77e0f8841178a6) Importer(815301076,1909f56bfc062723c751e8b465ee728b)  -> (artifact id: 'c6ba9c109b362bb231793995f9a8ed49') in 0.018672 seconds
  Import took 0.021171 seconds .

========================================================================
Received Import Request.
  Time since last request: 0.000709 seconds.
  path: Assets/Scenes/terrain 2.unity
  artifactKey: Guid(79795542d9618dc43a77e0f8841178a6) Importer(815301076,1909f56bfc062723c751e8b465ee728b)
Start importing Assets/Scenes/terrain 2.unity using Guid(79795542d9618dc43a77e0f8841178a6) Importer(815301076,1909f56bfc062723c751e8b465ee728b)  -> (artifact id: 'c6ba9c109b362bb231793995f9a8ed49') in 0.001234 seconds
  Import took 0.003023 seconds .

========================================================================
Received Prepare
Registering precompiled user dll's ...
Registered in 0.001053 seconds.
Begin MonoManager ReloadAssembly
Native extension for WindowsStandalone target not found
Refreshing native plugins compatible for Editor in 0.32 ms, found 0 plugins.
Preloading 0 native plugins for Editor in 0.00 ms.
Invoked RoslynAnalysisRunner static constructor.
RoslynAnalysisRunner will not be running.
RoslynAnalysisRunner has terminated.
Mono: successfully reloaded assembly
- Completed reload, in  0.631 seconds
Platform modules already initialized, skipping
Refreshing native plugins compatible for Editor in 0.31 ms, found 0 plugins.
Preloading 0 native plugins for Editor in 0.00 ms.
Unloading 1445 Unused Serialized files (Serialized files now loaded: 0)
System memory in use before: 110.7 MB.
System memory in use after: 110.5 MB.

Unloading 10 unused Assets to reduce memory usage. Loaded Objects now: 2010.
Total: 1.713500 ms (FindLiveObjects: 0.152700 ms CreateObjectMapping: 0.039400 ms MarkObjects: 1.254600 ms  DeleteObjects: 0.266400 ms)

========================================================================
Received Import Request.
  Time since last request: 13.288158 seconds.
  path: Assets/Scenes/terrain.unity
  artifactKey: Guid(7a4df6084acaacf4c94bac3618cade99) Importer(815301076,1909f56bfc062723c751e8b465ee728b)
Start importing Assets/Scenes/terrain.unity using Guid(7a4df6084acaacf4c94bac3618cade99) Importer(815301076,1909f56bfc062723c751e8b465ee728b)  -> (artifact id: '61e8964159141a272b02ee84b60671a0') in 0.015665 seconds
  Import took 0.017915 seconds .

========================================================================
Received Import Request.
  Time since last request: 95.614041 seconds.
  path: Assets/Scenes/terrain.unity
  artifactKey: Guid(7a4df6084acaacf4c94bac3618cade99) Importer(815301076,1909f56bfc062723c751e8b465ee728b)
Start importing Assets/Scenes/terrain.unity using Guid(7a4df6084acaacf4c94bac3618cade99) Importer(815301076,1909f56bfc062723c751e8b465ee728b)  -> (artifact id: '74651e1e1d07a273662242b5561966ea') in 0.001331 seconds
  Import took 0.003383 seconds .

========================================================================
Received Prepare
Registering precompiled user dll's ...
Registered in 0.001068 seconds.
Begin MonoManager ReloadAssembly
Native extension for WindowsStandalone target not found
Refreshing native plugins compatible for Editor in 0.31 ms, found 0 plugins.
Preloading 0 native plugins for Editor in 0.00 ms.
Invoked RoslynAnalysisRunner static constructor.
RoslynAnalysisRunner will not be running.
RoslynAnalysisRunner has terminated.
Mono: successfully reloaded assembly
- Completed reload, in  0.626 seconds
Platform modules already initialized, skipping
Refreshing native plugins compatible for Editor in 0.31 ms, found 0 plugins.
Preloading 0 native plugins for Editor in 0.00 ms.
Unloading 1445 Unused Serialized files (Serialized files now loaded: 0)
System memory in use before: 110.7 MB.
System memory in use after: 110.5 MB.

Unloading 10 unused Assets to reduce memory usage. Loaded Objects now: 2013.
Total: 1.757000 ms (FindLiveObjects: 0.157000 ms CreateObjectMapping: 0.042000 ms MarkObjects: 1.318900 ms  DeleteObjects: 0.238400 ms)

========================================================================
Received Import Request.
  Time since last request: 185.253346 seconds.
  path: Assets/Scenes/terrain.unity
  artifactKey: Guid(7a4df6084acaacf4c94bac3618cade99) Importer(815301076,1909f56bfc062723c751e8b465ee728b)
Start importing Assets/Scenes/terrain.unity using Guid(7a4df6084acaacf4c94bac3618cade99) Importer(815301076,1909f56bfc062723c751e8b465ee728b)  -> (artifact id: '2ce9822e20340a6d28327a70572279d3') in 0.012170 seconds
  Import took 0.014474 seconds .

========================================================================
Received Import Request.
  Time since last request: 47.755746 seconds.
  path: Assets/Scenes/Menu.unity
  artifactKey: Guid(41872266c2ad0a4478e5c3581614b709) Importer(815301076,1909f56bfc062723c751e8b465ee728b)
Start importing Assets/Scenes/Menu.unity using Guid(41872266c2ad0a4478e5c3581614b709) Importer(815301076,1909f56bfc062723c751e8b465ee728b)  -> (artifact id: 'f6c5a495518ccf994aabfe20294e079d') in 0.001496 seconds
  Import took 0.003582 seconds .

========================================================================
Received Prepare
Registering precompiled user dll's ...
Registered in 0.001035 seconds.
Begin MonoManager ReloadAssembly
Native extension for WindowsStandalone target not found
Refreshing native plugins compatible for Editor in 0.31 ms, found 0 plugins.
Preloading 0 native plugins for Editor in 0.00 ms.
Invoked RoslynAnalysisRunner static constructor.
RoslynAnalysisRunner will not be running.
RoslynAnalysisRunner has terminated.
Mono: successfully reloaded assembly
- Completed reload, in  0.625 seconds
Platform modules already initialized, skipping
Refreshing native plugins compatible for Editor in 0.31 ms, found 0 plugins.
Preloading 0 native plugins for Editor in 0.00 ms.
Unloading 1445 Unused Serialized files (Serialized files now loaded: 0)
System memory in use before: 110.7 MB.
System memory in use after: 110.5 MB.

Unloading 10 unused Assets to reduce memory usage. Loaded Objects now: 2016.
Total: 1.903200 ms (FindLiveObjects: 0.215700 ms CreateObjectMapping: 0.042700 ms MarkObjects: 1.399500 ms  DeleteObjects: 0.244700 ms)

========================================================================
Received Import Request.
  Time since last request: 42.051836 seconds.
  path: Assets/Scenes/Menu.unity
  artifactKey: Guid(41872266c2ad0a4478e5c3581614b709) Importer(815301076,1909f56bfc062723c751e8b465ee728b)
Start importing Assets/Scenes/Menu.unity using Guid(41872266c2ad0a4478e5c3581614b709) Importer(815301076,1909f56bfc062723c751e8b465ee728b)  -> (artifact id: 'ad61714843549388b33da805f36ca713') in 0.011254 seconds
  Import took 0.013552 seconds .

AssetImportWorkerClient::OnTransportError - code=2 error=End of file
